<?xml version="1.0" encoding="UTF-8"?>
<coverage generated="1605803356681" clover="3.2.0">
  <project timestamp="1605803356681" name="All files">
    <metrics statements="32" coveredstatements="30" conditionals="12" coveredconditionals="9" methods="15" coveredmethods="13" elements="59" coveredelements="52" complexity="0" loc="32" ncloc="32" packages="2" files="4" classes="4"/>
    <package name="controllers">
      <metrics statements="29" coveredstatements="27" conditionals="12" coveredconditionals="9" methods="15" coveredmethods="13"/>
      <file name="addressController.js" path="/Users/darinarybalchenko/Code/skylab-bootcamp-202010/Darina-Rybalchenko/Mongoose-population/server/src/controllers/addressController.js">
        <metrics statements="9" coveredstatements="7" conditionals="4" coveredconditionals="2" methods="5" coveredmethods="3"/>
        <line num="3" count="2" type="stmt"/>
        <line num="4" count="2" type="stmt"/>
        <line num="5" count="2" type="cond" truecount="2" falsecount="0"/>
        <line num="6" count="1" type="stmt"/>
        <line num="8" count="2" type="stmt"/>
        <line num="12" count="0" type="stmt"/>
        <line num="13" count="0" type="cond" truecount="0" falsecount="2"/>
        <line num="16" count="1" type="stmt"/>
        <line num="19" count="1" type="stmt"/>
      </file>
      <file name="countryController.js" path="/Users/darinarybalchenko/Code/skylab-bootcamp-202010/Darina-Rybalchenko/Mongoose-population/server/src/controllers/countryController.js">
        <metrics statements="9" coveredstatements="9" conditionals="4" coveredconditionals="3" methods="5" coveredmethods="5"/>
        <line num="3" count="2" type="stmt"/>
        <line num="4" count="2" type="stmt"/>
        <line num="5" count="2" type="cond" truecount="2" falsecount="0"/>
        <line num="6" count="1" type="stmt"/>
        <line num="8" count="2" type="stmt"/>
        <line num="13" count="1" type="stmt"/>
        <line num="14" count="1" type="cond" truecount="1" falsecount="1"/>
        <line num="17" count="3" type="stmt"/>
        <line num="20" count="1" type="stmt"/>
      </file>
      <file name="userController.js" path="/Users/darinarybalchenko/Code/skylab-bootcamp-202010/Darina-Rybalchenko/Mongoose-population/server/src/controllers/userController.js">
        <metrics statements="11" coveredstatements="11" conditionals="4" coveredconditionals="4" methods="5" coveredmethods="5"/>
        <line num="3" count="2" type="stmt"/>
        <line num="4" count="2" type="stmt"/>
        <line num="5" count="2" type="stmt"/>
        <line num="12" count="2" type="stmt"/>
        <line num="13" count="2" type="cond" truecount="2" falsecount="0"/>
        <line num="14" count="1" type="stmt"/>
        <line num="16" count="2" type="stmt"/>
        <line num="20" count="2" type="stmt"/>
        <line num="21" count="2" type="cond" truecount="2" falsecount="0"/>
        <line num="24" count="4" type="stmt"/>
        <line num="27" count="1" type="stmt"/>
      </file>
    </package>
    <package name="models">
      <metrics statements="3" coveredstatements="3" conditionals="0" coveredconditionals="0" methods="0" coveredmethods="0"/>
      <file name="addressModel.js" path="/Users/darinarybalchenko/Code/skylab-bootcamp-202010/Darina-Rybalchenko/Mongoose-population/server/src/models/addressModel.js">
        <metrics statements="3" coveredstatements="3" conditionals="0" coveredconditionals="0" methods="0" coveredmethods="0"/>
        <line num="1" count="1" type="stmt"/>
        <line num="3" count="1" type="stmt"/>
        <line num="10" count="1" type="stmt"/>
      </file>
    </package>
  </project>
</coverage>
