TN:
SF:src/controllers/addressController.js
FN:1,addressControler
FN:2,getMethod
FN:4,(anonymous_2)
FN:11,putMethod
FN:13,(anonymous_4)
FNF:5
FNH:3
FNDA:1,addressControler
FNDA:2,getMethod
FNDA:2,(anonymous_2)
FNDA:0,putMethod
FNDA:0,(anonymous_4)
DA:3,2
DA:4,2
DA:5,2
DA:6,1
DA:8,2
DA:12,0
DA:13,0
DA:16,1
DA:19,1
LF:9
LH:7
BRDA:5,0,0,1
BRDA:5,0,1,1
BRDA:13,1,0,0
BRDA:13,1,1,0
BRF:4
BRH:2
end_of_record
TN:
SF:src/controllers/countryController.js
FN:1,countryController
FN:2,getMethod
FN:4,(anonymous_2)
FN:12,putMethod
FN:14,(anonymous_4)
FNF:5
FNH:5
FNDA:3,countryController
FNDA:2,getMethod
FNDA:2,(anonymous_2)
FNDA:1,putMethod
FNDA:1,(anonymous_4)
DA:3,2
DA:4,2
DA:5,2
DA:6,1
DA:8,2
DA:13,1
DA:14,1
DA:17,3
DA:20,1
LF:9
LH:9
BRDA:5,0,0,1
BRDA:5,0,1,1
BRDA:14,1,0,0
BRDA:14,1,1,1
BRF:4
BRH:3
end_of_record
TN:
SF:src/controllers/userController.js
FN:1,userController
FN:2,getMethod
FN:12,(anonymous_2)
FN:19,putMethod
FN:21,(anonymous_4)
FNF:5
FNH:5
FNDA:4,userController
FNDA:2,getMethod
FNDA:2,(anonymous_2)
FNDA:2,putMethod
FNDA:2,(anonymous_4)
DA:3,2
DA:4,2
DA:5,2
DA:12,2
DA:13,2
DA:14,1
DA:16,2
DA:20,2
DA:21,2
DA:24,4
DA:27,1
LF:11
LH:11
BRDA:13,0,0,1
BRDA:13,0,1,1
BRDA:21,1,0,1
BRDA:21,1,1,1
BRF:4
BRH:4
end_of_record
TN:
SF:src/models/addressModel.js
FNF:0
FNH:0
DA:1,1
DA:3,1
DA:10,1
LF:3
LH:3
BRF:0
BRH:0
end_of_record
